C:\Users\gcandia\Documents\Dropbox\SeismicHazard-BETA\platform_defaultmodels\ST1.2.txt
--------------------------------------------------------
Benchmark Solution
IM      1.00000e-02 1.32162e-02 1.74668e-02 2.30845e-02 3.05090e-02 4.03213e-02 5.32894e-02 7.04284e-02 9.30796e-02 1.23016e-01 1.62580e-01 2.14870e-01 2.83976e-01 3.75309e-01 4.96016e-01 6.55545e-01 8.66382e-01 1.14503e+00 1.51329e+00 2.00000e+00 
Site1   2.00000e+00 2.00000e+00 1.99997e+00 1.99988e+00 1.99946e+00 1.99794e+00 1.99313e+00 1.97995e+00 1.94855e+00 1.88357e+00 1.76680e+00 1.58458e+00 1.33761e+00 1.04693e+00 7.49789e-01 4.85999e-01 2.82619e-01 1.46439e-01 6.72511e-02 2.72610e-02 
Site2   1.99986e+00 1.99941e+00 1.99778e+00 1.99268e+00 1.97878e+00 1.94594e+00 1.87851e+00 1.75831e+00 1.57223e+00 1.32204e+00 1.02990e+00 7.33638e-01 4.72721e-01 2.73154e-01 1.40590e-01 6.41170e-02 2.58050e-02 9.13653e-03 2.83883e-03 7.72568e-04 
Site3   1.99597e+00 1.98752e+00 1.96603e+00 1.91861e+00 1.82772e+00 1.67643e+00 1.45773e+00 1.18317e+00 8.83803e-01 6.00335e-01 3.67223e-01 2.00737e-01 9.74742e-02 4.18516e-02 1.58322e-02 5.26218e-03 1.53334e-03 3.91026e-04 8.71499e-05 1.69565e-05 

SeismicHazard Solution
IM      1.00000e-02 1.32162e-02 1.74668e-02 2.30845e-02 3.05090e-02 4.03213e-02 5.32894e-02 7.04284e-02 9.30796e-02 1.23016e-01 1.62580e-01 2.14870e-01 2.83976e-01 3.75309e-01 4.96016e-01 6.55545e-01 8.66382e-01 1.14503e+00 1.51329e+00 2.00000e+00 
Site1   2.00000e+00 2.00000e+00 1.99997e+00 1.99988e+00 1.99946e+00 1.99794e+00 1.99313e+00 1.97995e+00 1.94855e+00 1.88357e+00 1.76680e+00 1.58458e+00 1.33761e+00 1.04693e+00 7.49789e-01 4.85999e-01 2.82619e-01 1.46439e-01 6.72511e-02 2.72610e-02 
Site2   1.99986e+00 1.99941e+00 1.99778e+00 1.99268e+00 1.97878e+00 1.94594e+00 1.87851e+00 1.75831e+00 1.57223e+00 1.32204e+00 1.02990e+00 7.33638e-01 4.72721e-01 2.73154e-01 1.40590e-01 6.41170e-02 2.58050e-02 9.13653e-03 2.83883e-03 7.72568e-04 
Site3   1.99597e+00 1.98752e+00 1.96603e+00 1.91861e+00 1.82772e+00 1.67643e+00 1.45773e+00 1.18317e+00 8.83803e-01 6.00335e-01 3.67223e-01 2.00737e-01 9.74742e-02 4.18516e-02 1.58322e-02 5.26218e-03 1.53334e-03 3.91026e-04 8.71499e-05 1.69565e-05 

Error (percentage)
Site1   2.44249e-13 1.11023e-14 9.99213e-14 1.88750e-13 8.88419e-14 2.22274e-14 1.11405e-13 8.97171e-14 1.36745e-13 1.41462e-13 6.28381e-14 5.04463e-13 2.82201e-13 4.24183e-13 8.29200e-13 1.21074e-12 1.53205e-12 1.51629e-12 2.00167e-12 2.58354e-12 
Site2   2.44266e-13 1.77688e-13 2.11176e-13 1.33716e-13 1.34655e-13 1.82571e-13 1.77304e-13 1.26283e-13 4.37810e-13 6.21438e-13 1.50919e-13 4.23728e-13 6.10631e-13 7.72247e-13 8.48914e-13 8.22490e-13 8.06693e-13 1.89867e-14 3.92613e-12 1.43425e-11 
Site3   1.11246e-14 1.78751e-13 1.35529e-13 1.62025e-13 1.70082e-13 1.98676e-13 4.56966e-14 2.25204e-13 2.51238e-13 3.69868e-13 3.77911e-13 7.60477e-13 4.27122e-13 5.47132e-13 1.22718e-12 2.14278e-12 7.02844e-12 2.82955e-11 1.55508e-14 2.19794e-13 

Error less 5 percent(Y/N)
Site1   Y           Y           Y           Y           Y           Y           Y           Y           Y           Y           Y           Y           Y           Y           Y           Y           Y           Y           Y           Y
Site2   Y           Y           Y           Y           Y           Y           Y           Y           Y           Y           Y           Y           Y           Y           Y           Y           Y           Y           Y           Y
Site3   Y           Y           Y           Y           Y           Y           Y           Y           Y           Y           Y           Y           Y           Y           Y           Y           Y           Y           Y           Y
